2019-03-15 18:10:07,851 [JavaFX Application Thread] [ERROR] zeeslag.client.gui.ZeeslagClient - Register Player error: Method registerPlayer() not implemented.
2019-03-15 18:12:55,709 [JavaFX Application Thread] [ERROR] zeeslag.client.gui.ZeeslagClient - Register Player error: Method registerPlayer() not implemented.
2019-03-15 18:13:28,630 [main] [INFO ] org.eclipse.jetty.util.log - Logging initialized @306ms to org.eclipse.jetty.util.log.Slf4jLog
2019-03-15 18:13:28,703 [main] [INFO ] org.eclipse.jetty.server.Server - jetty-9.4.15.v20190215; built: 2019-02-15T16:53:49.381Z; git: eb70b240169fcf1abbd86af36482d1c49826fa0b; jvm 11.0.2+9-LTS
2019-03-15 18:13:28,731 [main] [INFO ] org.eclipse.jetty.server.session - DefaultSessionIdManager workerName=node0
2019-03-15 18:13:28,732 [main] [INFO ] org.eclipse.jetty.server.session - No SessionScavenger set, using defaults
2019-03-15 18:13:28,733 [main] [INFO ] org.eclipse.jetty.server.session - node0 Scavenging every 660000ms
2019-03-15 18:13:28,739 [main] [INFO ] o.e.jetty.server.handler.ContextHandler - Started o.e.j.s.ServletContextHandler@27462a88{/,null,AVAILABLE}
2019-03-15 18:13:28,847 [main] [INFO ] o.eclipse.jetty.server.AbstractConnector - Started ServerConnector@5d0bf09b{HTTP/1.1,[http/1.1]}{0.0.0.0:3000}
2019-03-15 18:13:28,847 [main] [INFO ] org.eclipse.jetty.server.Server - Started @529ms
2019-03-15 18:13:39,193 [JavaFX Application Thread] [ERROR] zeeslag.client.gui.ZeeslagClient - Register Player error: Method registerPlayer() not implemented.
2019-03-15 18:38:52,255 [main] [INFO ] org.eclipse.jetty.util.log - Logging initialized @337ms to org.eclipse.jetty.util.log.Slf4jLog
2019-03-15 18:38:52,323 [main] [INFO ] org.eclipse.jetty.server.Server - jetty-9.4.15.v20190215; built: 2019-02-15T16:53:49.381Z; git: eb70b240169fcf1abbd86af36482d1c49826fa0b; jvm 11.0.2+9-LTS
2019-03-15 18:38:52,352 [main] [INFO ] org.eclipse.jetty.server.session - DefaultSessionIdManager workerName=node0
2019-03-15 18:38:52,352 [main] [INFO ] org.eclipse.jetty.server.session - No SessionScavenger set, using defaults
2019-03-15 18:38:52,355 [main] [INFO ] org.eclipse.jetty.server.session - node0 Scavenging every 600000ms
2019-03-15 18:38:52,365 [main] [INFO ] o.e.jetty.server.handler.ContextHandler - Started o.e.j.s.ServletContextHandler@27462a88{/,null,AVAILABLE}
2019-03-15 18:38:52,472 [main] [INFO ] o.eclipse.jetty.server.AbstractConnector - Started ServerConnector@5d0bf09b{HTTP/1.1,[http/1.1]}{0.0.0.0:3000}
2019-03-15 18:38:52,473 [main] [INFO ] org.eclipse.jetty.server.Server - Started @559ms
2019-03-15 20:34:22,923 [main] [INFO ] org.eclipse.jetty.util.log - Logging initialized @342ms to org.eclipse.jetty.util.log.Slf4jLog
2019-03-15 20:34:22,994 [main] [INFO ] org.eclipse.jetty.server.Server - jetty-9.4.15.v20190215; built: 2019-02-15T16:53:49.381Z; git: eb70b240169fcf1abbd86af36482d1c49826fa0b; jvm 11.0.2+9-LTS
2019-03-15 20:34:23,020 [main] [INFO ] org.eclipse.jetty.server.session - DefaultSessionIdManager workerName=node0
2019-03-15 20:34:23,020 [main] [INFO ] org.eclipse.jetty.server.session - No SessionScavenger set, using defaults
2019-03-15 20:34:23,022 [main] [INFO ] org.eclipse.jetty.server.session - node0 Scavenging every 660000ms
2019-03-15 20:34:23,028 [main] [INFO ] o.e.jetty.server.handler.ContextHandler - Started o.e.j.s.ServletContextHandler@27462a88{/,null,AVAILABLE}
2019-03-15 20:34:23,149 [main] [INFO ] o.eclipse.jetty.server.AbstractConnector - Started ServerConnector@5d0bf09b{HTTP/1.1,[http/1.1]}{0.0.0.0:3000}
2019-03-15 20:34:23,149 [main] [INFO ] org.eclipse.jetty.server.Server - Started @573ms
2019-03-15 20:38:53,292 [main] [INFO ] org.eclipse.jetty.util.log - Logging initialized @311ms to org.eclipse.jetty.util.log.Slf4jLog
2019-03-15 20:38:53,358 [main] [INFO ] org.eclipse.jetty.server.Server - jetty-9.4.15.v20190215; built: 2019-02-15T16:53:49.381Z; git: eb70b240169fcf1abbd86af36482d1c49826fa0b; jvm 11.0.2+9-LTS
2019-03-15 20:38:53,383 [main] [INFO ] org.eclipse.jetty.server.session - DefaultSessionIdManager workerName=node0
2019-03-15 20:38:53,384 [main] [INFO ] org.eclipse.jetty.server.session - No SessionScavenger set, using defaults
2019-03-15 20:38:53,386 [main] [INFO ] org.eclipse.jetty.server.session - node0 Scavenging every 660000ms
2019-03-15 20:38:53,392 [main] [INFO ] o.e.jetty.server.handler.ContextHandler - Started o.e.j.s.ServletContextHandler@27462a88{/,null,AVAILABLE}
2019-03-15 20:38:53,501 [main] [INFO ] o.eclipse.jetty.server.AbstractConnector - Started ServerConnector@5d0bf09b{HTTP/1.1,[http/1.1]}{0.0.0.0:3000}
2019-03-15 20:38:53,502 [main] [INFO ] org.eclipse.jetty.server.Server - Started @524ms
2019-03-17 17:49:16,372 [main] [INFO ] org.eclipse.jetty.util.log - Logging initialized @325ms to org.eclipse.jetty.util.log.Slf4jLog
2019-03-17 17:49:16,438 [main] [INFO ] org.eclipse.jetty.server.Server - jetty-9.4.15.v20190215; built: 2019-02-15T16:53:49.381Z; git: eb70b240169fcf1abbd86af36482d1c49826fa0b; jvm 11.0.2+9-LTS
2019-03-17 17:49:16,467 [main] [INFO ] org.eclipse.jetty.server.session - DefaultSessionIdManager workerName=node0
2019-03-17 17:49:16,468 [main] [INFO ] org.eclipse.jetty.server.session - No SessionScavenger set, using defaults
2019-03-17 17:49:16,470 [main] [INFO ] org.eclipse.jetty.server.session - node0 Scavenging every 660000ms
2019-03-17 17:49:16,476 [main] [INFO ] o.e.jetty.server.handler.ContextHandler - Started o.e.j.s.ServletContextHandler@27462a88{/,null,AVAILABLE}
2019-03-17 17:49:16,583 [main] [INFO ] o.eclipse.jetty.server.AbstractConnector - Started ServerConnector@5d0bf09b{HTTP/1.1,[http/1.1]}{0.0.0.0:3000}
2019-03-17 17:49:16,583 [main] [INFO ] org.eclipse.jetty.server.Server - Started @540ms
2019-03-18 20:40:00,514 [main] [INFO ] org.eclipse.jetty.util.log - Logging initialized @497ms to org.eclipse.jetty.util.log.Slf4jLog
2019-03-18 20:40:00,587 [main] [INFO ] org.eclipse.jetty.server.Server - jetty-9.4.15.v20190215; built: 2019-02-15T16:53:49.381Z; git: eb70b240169fcf1abbd86af36482d1c49826fa0b; jvm 11.0.2+9-LTS
2019-03-18 20:40:00,621 [main] [INFO ] org.eclipse.jetty.server.session - DefaultSessionIdManager workerName=node0
2019-03-18 20:40:00,621 [main] [INFO ] org.eclipse.jetty.server.session - No SessionScavenger set, using defaults
2019-03-18 20:40:00,623 [main] [INFO ] org.eclipse.jetty.server.session - node0 Scavenging every 660000ms
2019-03-18 20:40:00,649 [main] [INFO ] o.e.jetty.server.handler.ContextHandler - Started o.e.j.s.ServletContextHandler@235ecd9f{/,null,AVAILABLE}
2019-03-18 20:40:00,760 [main] [INFO ] o.eclipse.jetty.server.AbstractConnector - Started ServerConnector@70cf32e3{HTTP/1.1,[http/1.1]}{0.0.0.0:3000}
2019-03-18 20:40:00,760 [main] [INFO ] org.eclipse.jetty.server.Server - Started @748ms
2019-03-18 22:15:36,013 [main] [INFO ] org.eclipse.jetty.util.log - Logging initialized @314ms to org.eclipse.jetty.util.log.Slf4jLog
2019-03-18 22:15:36,073 [main] [INFO ] org.eclipse.jetty.server.Server - jetty-9.4.15.v20190215; built: 2019-02-15T16:53:49.381Z; git: eb70b240169fcf1abbd86af36482d1c49826fa0b; jvm 11.0.2+9-LTS
2019-03-18 22:15:36,103 [main] [INFO ] org.eclipse.jetty.server.session - DefaultSessionIdManager workerName=node0
2019-03-18 22:15:36,103 [main] [INFO ] org.eclipse.jetty.server.session - No SessionScavenger set, using defaults
2019-03-18 22:15:36,105 [main] [INFO ] org.eclipse.jetty.server.session - node0 Scavenging every 660000ms
2019-03-18 22:15:36,126 [main] [INFO ] o.e.jetty.server.handler.ContextHandler - Started o.e.j.s.ServletContextHandler@7161d8d1{/,null,AVAILABLE}
2019-03-18 22:15:36,231 [main] [INFO ] o.eclipse.jetty.server.AbstractConnector - Started ServerConnector@4f32a3ad{HTTP/1.1,[http/1.1]}{0.0.0.0:3000}
2019-03-18 22:15:36,231 [main] [INFO ] org.eclipse.jetty.server.Server - Started @535ms
2019-03-18 22:15:37,650 [main] [INFO ] org.eclipse.jetty.util.log - Logging initialized @332ms to org.eclipse.jetty.util.log.Slf4jLog
2019-03-18 22:15:37,712 [main] [INFO ] org.eclipse.jetty.server.Server - jetty-9.4.15.v20190215; built: 2019-02-15T16:53:49.381Z; git: eb70b240169fcf1abbd86af36482d1c49826fa0b; jvm 11.0.2+9-LTS
2019-03-18 22:15:37,738 [main] [INFO ] org.eclipse.jetty.server.session - DefaultSessionIdManager workerName=node0
2019-03-18 22:15:37,739 [main] [INFO ] org.eclipse.jetty.server.session - No SessionScavenger set, using defaults
2019-03-18 22:15:37,741 [main] [INFO ] org.eclipse.jetty.server.session - node0 Scavenging every 600000ms
2019-03-18 22:15:37,761 [main] [INFO ] o.e.jetty.server.handler.ContextHandler - Started o.e.j.s.ServletContextHandler@7161d8d1{/,null,AVAILABLE}
2019-03-18 22:15:37,865 [main] [INFO ] o.eclipse.jetty.server.AbstractConnector - Started ServerConnector@4f32a3ad{HTTP/1.1,[http/1.1]}{0.0.0.0:3000}
2019-03-18 22:15:37,866 [main] [INFO ] org.eclipse.jetty.server.Server - Started @552ms
2019-03-18 22:18:58,843 [main] [INFO ] org.eclipse.jetty.util.log - Logging initialized @361ms to org.eclipse.jetty.util.log.Slf4jLog
2019-03-18 22:18:58,911 [main] [INFO ] org.eclipse.jetty.server.Server - jetty-9.4.15.v20190215; built: 2019-02-15T16:53:49.381Z; git: eb70b240169fcf1abbd86af36482d1c49826fa0b; jvm 11.0.2+9-LTS
2019-03-18 22:18:58,945 [main] [INFO ] org.eclipse.jetty.server.session - DefaultSessionIdManager workerName=node0
2019-03-18 22:18:58,945 [main] [INFO ] org.eclipse.jetty.server.session - No SessionScavenger set, using defaults
2019-03-18 22:18:58,947 [main] [INFO ] org.eclipse.jetty.server.session - node0 Scavenging every 660000ms
2019-03-18 22:18:58,970 [main] [INFO ] o.e.jetty.server.handler.ContextHandler - Started o.e.j.s.ServletContextHandler@7161d8d1{/,null,AVAILABLE}
2019-03-18 22:18:59,111 [main] [INFO ] o.eclipse.jetty.server.AbstractConnector - Started ServerConnector@4f32a3ad{HTTP/1.1,[http/1.1]}{0.0.0.0:3000}
2019-03-18 22:18:59,112 [main] [INFO ] org.eclipse.jetty.server.Server - Started @636ms
2019-03-18 22:19:15,530 [JavaFX Application Thread] [ERROR] zeeslag.client.gui.ZeeslagClient - Login Player error: JSONObject["data"] not found.
2019-03-18 22:22:12,878 [main] [INFO ] org.eclipse.jetty.util.log - Logging initialized @314ms to org.eclipse.jetty.util.log.Slf4jLog
2019-03-18 22:22:12,940 [main] [INFO ] org.eclipse.jetty.server.Server - jetty-9.4.15.v20190215; built: 2019-02-15T16:53:49.381Z; git: eb70b240169fcf1abbd86af36482d1c49826fa0b; jvm 11.0.2+9-LTS
2019-03-18 22:22:12,976 [main] [INFO ] org.eclipse.jetty.server.session - DefaultSessionIdManager workerName=node0
2019-03-18 22:22:12,976 [main] [INFO ] org.eclipse.jetty.server.session - No SessionScavenger set, using defaults
2019-03-18 22:22:12,978 [main] [INFO ] org.eclipse.jetty.server.session - node0 Scavenging every 600000ms
2019-03-18 22:22:12,999 [main] [INFO ] o.e.jetty.server.handler.ContextHandler - Started o.e.j.s.ServletContextHandler@7161d8d1{/,null,AVAILABLE}
2019-03-18 22:22:13,107 [main] [INFO ] o.eclipse.jetty.server.AbstractConnector - Started ServerConnector@4f32a3ad{HTTP/1.1,[http/1.1]}{0.0.0.0:3000}
2019-03-18 22:22:13,107 [main] [INFO ] org.eclipse.jetty.server.Server - Started @546ms
2019-03-18 22:23:06,327 [main] [INFO ] org.eclipse.jetty.util.log - Logging initialized @320ms to org.eclipse.jetty.util.log.Slf4jLog
2019-03-18 22:23:06,388 [main] [INFO ] org.eclipse.jetty.server.Server - jetty-9.4.15.v20190215; built: 2019-02-15T16:53:49.381Z; git: eb70b240169fcf1abbd86af36482d1c49826fa0b; jvm 11.0.2+9-LTS
2019-03-18 22:23:06,417 [main] [INFO ] org.eclipse.jetty.server.session - DefaultSessionIdManager workerName=node0
2019-03-18 22:23:06,417 [main] [INFO ] org.eclipse.jetty.server.session - No SessionScavenger set, using defaults
2019-03-18 22:23:06,419 [main] [INFO ] org.eclipse.jetty.server.session - node0 Scavenging every 600000ms
2019-03-18 22:23:06,440 [main] [INFO ] o.e.jetty.server.handler.ContextHandler - Started o.e.j.s.ServletContextHandler@7161d8d1{/,null,AVAILABLE}
2019-03-18 22:23:06,555 [main] [INFO ] o.eclipse.jetty.server.AbstractConnector - Started ServerConnector@4f32a3ad{HTTP/1.1,[http/1.1]}{0.0.0.0:3000}
2019-03-18 22:23:06,555 [main] [INFO ] org.eclipse.jetty.server.Server - Started @551ms
2019-03-18 22:23:32,070 [main] [INFO ] org.eclipse.jetty.util.log - Logging initialized @320ms to org.eclipse.jetty.util.log.Slf4jLog
2019-03-18 22:23:32,128 [main] [INFO ] org.eclipse.jetty.server.Server - jetty-9.4.15.v20190215; built: 2019-02-15T16:53:49.381Z; git: eb70b240169fcf1abbd86af36482d1c49826fa0b; jvm 11.0.2+9-LTS
2019-03-18 22:23:32,159 [main] [INFO ] org.eclipse.jetty.server.session - DefaultSessionIdManager workerName=node0
2019-03-18 22:23:32,159 [main] [INFO ] org.eclipse.jetty.server.session - No SessionScavenger set, using defaults
2019-03-18 22:23:32,160 [main] [INFO ] org.eclipse.jetty.server.session - node0 Scavenging every 600000ms
2019-03-18 22:23:32,182 [main] [INFO ] o.e.jetty.server.handler.ContextHandler - Started o.e.j.s.ServletContextHandler@7161d8d1{/,null,AVAILABLE}
2019-03-18 22:23:32,293 [main] [INFO ] o.eclipse.jetty.server.AbstractConnector - Started ServerConnector@4f32a3ad{HTTP/1.1,[http/1.1]}{0.0.0.0:3000}
2019-03-18 22:23:32,293 [main] [INFO ] org.eclipse.jetty.server.Server - Started @547ms
2019-03-18 22:23:33,976 [main] [INFO ] org.eclipse.jetty.util.log - Logging initialized @333ms to org.eclipse.jetty.util.log.Slf4jLog
2019-03-18 22:23:34,035 [main] [INFO ] org.eclipse.jetty.server.Server - jetty-9.4.15.v20190215; built: 2019-02-15T16:53:49.381Z; git: eb70b240169fcf1abbd86af36482d1c49826fa0b; jvm 11.0.2+9-LTS
2019-03-18 22:23:34,064 [main] [INFO ] org.eclipse.jetty.server.session - DefaultSessionIdManager workerName=node0
2019-03-18 22:23:34,064 [main] [INFO ] org.eclipse.jetty.server.session - No SessionScavenger set, using defaults
2019-03-18 22:23:34,066 [main] [INFO ] org.eclipse.jetty.server.session - node0 Scavenging every 660000ms
2019-03-18 22:23:34,087 [main] [INFO ] o.e.jetty.server.handler.ContextHandler - Started o.e.j.s.ServletContextHandler@7161d8d1{/,null,AVAILABLE}
2019-03-18 22:23:34,191 [main] [INFO ] o.eclipse.jetty.server.AbstractConnector - Started ServerConnector@4f32a3ad{HTTP/1.1,[http/1.1]}{0.0.0.0:3000}
2019-03-18 22:23:34,192 [main] [INFO ] org.eclipse.jetty.server.Server - Started @552ms
2019-03-18 22:24:53,547 [main] [INFO ] org.eclipse.jetty.util.log - Logging initialized @313ms to org.eclipse.jetty.util.log.Slf4jLog
2019-03-18 22:24:53,606 [main] [INFO ] org.eclipse.jetty.server.Server - jetty-9.4.15.v20190215; built: 2019-02-15T16:53:49.381Z; git: eb70b240169fcf1abbd86af36482d1c49826fa0b; jvm 11.0.2+9-LTS
2019-03-18 22:24:53,635 [main] [INFO ] org.eclipse.jetty.server.session - DefaultSessionIdManager workerName=node0
2019-03-18 22:24:53,635 [main] [INFO ] org.eclipse.jetty.server.session - No SessionScavenger set, using defaults
2019-03-18 22:24:53,637 [main] [INFO ] org.eclipse.jetty.server.session - node0 Scavenging every 600000ms
2019-03-18 22:24:53,657 [main] [INFO ] o.e.jetty.server.handler.ContextHandler - Started o.e.j.s.ServletContextHandler@7161d8d1{/,null,AVAILABLE}
2019-03-18 22:24:53,760 [main] [INFO ] o.eclipse.jetty.server.AbstractConnector - Started ServerConnector@4f32a3ad{HTTP/1.1,[http/1.1]}{0.0.0.0:3000}
2019-03-18 22:24:53,760 [main] [INFO ] org.eclipse.jetty.server.Server - Started @529ms
2019-03-18 22:26:25,376 [main] [INFO ] org.eclipse.jetty.util.log - Logging initialized @319ms to org.eclipse.jetty.util.log.Slf4jLog
2019-03-18 22:26:25,435 [main] [INFO ] org.eclipse.jetty.server.Server - jetty-9.4.15.v20190215; built: 2019-02-15T16:53:49.381Z; git: eb70b240169fcf1abbd86af36482d1c49826fa0b; jvm 11.0.2+9-LTS
2019-03-18 22:26:25,464 [main] [INFO ] org.eclipse.jetty.server.session - DefaultSessionIdManager workerName=node0
2019-03-18 22:26:25,464 [main] [INFO ] org.eclipse.jetty.server.session - No SessionScavenger set, using defaults
2019-03-18 22:26:25,466 [main] [INFO ] org.eclipse.jetty.server.session - node0 Scavenging every 600000ms
2019-03-18 22:26:25,487 [main] [INFO ] o.e.jetty.server.handler.ContextHandler - Started o.e.j.s.ServletContextHandler@7161d8d1{/,null,AVAILABLE}
2019-03-18 22:26:25,598 [main] [INFO ] o.eclipse.jetty.server.AbstractConnector - Started ServerConnector@4f32a3ad{HTTP/1.1,[http/1.1]}{0.0.0.0:3000}
2019-03-18 22:26:25,598 [main] [INFO ] org.eclipse.jetty.server.Server - Started @545ms
2019-03-18 22:51:08,612 [main] [INFO ] org.eclipse.jetty.util.log - Logging initialized @317ms to org.eclipse.jetty.util.log.Slf4jLog
2019-03-18 22:51:08,672 [main] [INFO ] org.eclipse.jetty.server.Server - jetty-9.4.15.v20190215; built: 2019-02-15T16:53:49.381Z; git: eb70b240169fcf1abbd86af36482d1c49826fa0b; jvm 11.0.2+9-LTS
2019-03-18 22:51:08,702 [main] [INFO ] org.eclipse.jetty.server.session - DefaultSessionIdManager workerName=node0
2019-03-18 22:51:08,702 [main] [INFO ] org.eclipse.jetty.server.session - No SessionScavenger set, using defaults
2019-03-18 22:51:08,704 [main] [INFO ] org.eclipse.jetty.server.session - node0 Scavenging every 660000ms
2019-03-18 22:51:08,730 [main] [INFO ] o.e.jetty.server.handler.ContextHandler - Started o.e.j.s.ServletContextHandler@7161d8d1{/,null,AVAILABLE}
2019-03-18 22:51:08,836 [main] [INFO ] o.eclipse.jetty.server.AbstractConnector - Started ServerConnector@4f32a3ad{HTTP/1.1,[http/1.1]}{0.0.0.0:3000}
2019-03-18 22:51:08,836 [main] [INFO ] org.eclipse.jetty.server.Server - Started @544ms
2019-03-27 10:27:00,144 [main] [INFO ] org.eclipse.jetty.util.log - Logging initialized @555ms to org.eclipse.jetty.util.log.Slf4jLog
2019-03-27 10:27:00,216 [main] [INFO ] org.eclipse.jetty.server.Server - jetty-9.4.15.v20190215; built: 2019-02-15T16:53:49.381Z; git: eb70b240169fcf1abbd86af36482d1c49826fa0b; jvm 11.0.2+9-LTS
2019-03-27 10:27:00,254 [main] [INFO ] org.eclipse.jetty.server.session - DefaultSessionIdManager workerName=node0
2019-03-27 10:27:00,254 [main] [INFO ] org.eclipse.jetty.server.session - No SessionScavenger set, using defaults
2019-03-27 10:27:00,256 [main] [INFO ] org.eclipse.jetty.server.session - node0 Scavenging every 660000ms
2019-03-27 10:27:00,284 [main] [INFO ] o.e.jetty.server.handler.ContextHandler - Started o.e.j.s.ServletContextHandler@7161d8d1{/,null,AVAILABLE}
2019-03-27 10:27:00,392 [main] [INFO ] o.eclipse.jetty.server.AbstractConnector - Started ServerConnector@4f32a3ad{HTTP/1.1,[http/1.1]}{0.0.0.0:3000}
2019-03-27 10:27:00,392 [main] [INFO ] org.eclipse.jetty.server.Server - Started @805ms
2019-03-27 10:43:52,185 [main] [INFO ] org.eclipse.jetty.util.log - Logging initialized @325ms to org.eclipse.jetty.util.log.Slf4jLog
2019-03-27 10:43:52,246 [main] [INFO ] org.eclipse.jetty.server.Server - jetty-9.4.15.v20190215; built: 2019-02-15T16:53:49.381Z; git: eb70b240169fcf1abbd86af36482d1c49826fa0b; jvm 11.0.2+9-LTS
2019-03-27 10:43:52,275 [main] [INFO ] org.eclipse.jetty.server.session - DefaultSessionIdManager workerName=node0
2019-03-27 10:43:52,275 [main] [INFO ] org.eclipse.jetty.server.session - No SessionScavenger set, using defaults
2019-03-27 10:43:52,276 [main] [INFO ] org.eclipse.jetty.server.session - node0 Scavenging every 600000ms
2019-03-27 10:43:52,298 [main] [INFO ] o.e.jetty.server.handler.ContextHandler - Started o.e.j.s.ServletContextHandler@7161d8d1{/,null,AVAILABLE}
2019-03-27 10:43:52,401 [main] [INFO ] o.eclipse.jetty.server.AbstractConnector - Started ServerConnector@1cfa87e4{HTTP/1.1,[http/1.1]}{0.0.0.0:3000}
2019-03-27 10:43:52,401 [main] [INFO ] org.eclipse.jetty.server.Server - Started @545ms
2019-03-27 10:49:51,852 [main] [INFO ] org.eclipse.jetty.util.log - Logging initialized @304ms to org.eclipse.jetty.util.log.Slf4jLog
2019-03-27 10:49:51,911 [main] [INFO ] org.eclipse.jetty.server.Server - jetty-9.4.15.v20190215; built: 2019-02-15T16:53:49.381Z; git: eb70b240169fcf1abbd86af36482d1c49826fa0b; jvm 11.0.2+9-LTS
2019-03-27 10:49:51,939 [main] [INFO ] org.eclipse.jetty.server.session - DefaultSessionIdManager workerName=node0
2019-03-27 10:49:51,939 [main] [INFO ] org.eclipse.jetty.server.session - No SessionScavenger set, using defaults
2019-03-27 10:49:51,941 [main] [INFO ] org.eclipse.jetty.server.session - node0 Scavenging every 600000ms
2019-03-27 10:49:51,961 [main] [INFO ] o.e.jetty.server.handler.ContextHandler - Started o.e.j.s.ServletContextHandler@7161d8d1{/,null,AVAILABLE}
2019-03-27 10:49:52,068 [main] [INFO ] o.eclipse.jetty.server.AbstractConnector - Started ServerConnector@4f32a3ad{HTTP/1.1,[http/1.1]}{0.0.0.0:3000}
2019-03-27 10:49:52,068 [main] [INFO ] org.eclipse.jetty.server.Server - Started @524ms
2019-03-27 10:51:59,191 [main] [INFO ] org.eclipse.jetty.util.log - Logging initialized @321ms to org.eclipse.jetty.util.log.Slf4jLog
2019-03-27 10:51:59,250 [main] [INFO ] org.eclipse.jetty.server.Server - jetty-9.4.15.v20190215; built: 2019-02-15T16:53:49.381Z; git: eb70b240169fcf1abbd86af36482d1c49826fa0b; jvm 11.0.2+9-LTS
2019-03-27 10:51:59,280 [main] [INFO ] org.eclipse.jetty.server.session - DefaultSessionIdManager workerName=node0
2019-03-27 10:51:59,280 [main] [INFO ] org.eclipse.jetty.server.session - No SessionScavenger set, using defaults
2019-03-27 10:51:59,282 [main] [INFO ] org.eclipse.jetty.server.session - node0 Scavenging every 660000ms
2019-03-27 10:51:59,302 [main] [INFO ] o.e.jetty.server.handler.ContextHandler - Started o.e.j.s.ServletContextHandler@7161d8d1{/,null,AVAILABLE}
2019-03-27 10:51:59,407 [main] [INFO ] o.eclipse.jetty.server.AbstractConnector - Started ServerConnector@4f32a3ad{HTTP/1.1,[http/1.1]}{0.0.0.0:3000}
2019-03-27 10:51:59,408 [main] [INFO ] org.eclipse.jetty.server.Server - Started @541ms
2019-03-27 12:57:02,741 [main] [INFO ] org.eclipse.jetty.util.log - Logging initialized @316ms to org.eclipse.jetty.util.log.Slf4jLog
2019-03-27 12:57:02,803 [main] [INFO ] org.eclipse.jetty.server.Server - jetty-9.4.15.v20190215; built: 2019-02-15T16:53:49.381Z; git: eb70b240169fcf1abbd86af36482d1c49826fa0b; jvm 11.0.2+9-LTS
2019-03-27 12:57:02,835 [main] [INFO ] org.eclipse.jetty.server.session - DefaultSessionIdManager workerName=node0
2019-03-27 12:57:02,835 [main] [INFO ] org.eclipse.jetty.server.session - No SessionScavenger set, using defaults
2019-03-27 12:57:02,837 [main] [INFO ] org.eclipse.jetty.server.session - node0 Scavenging every 660000ms
2019-03-27 12:57:02,862 [main] [INFO ] o.e.jetty.server.handler.ContextHandler - Started o.e.j.s.ServletContextHandler@53045c6c{/,null,AVAILABLE}
2019-03-27 12:57:02,984 [main] [INFO ] o.eclipse.jetty.server.AbstractConnector - Started ServerConnector@6f01b95f{HTTP/1.1,[http/1.1]}{0.0.0.0:3000}
2019-03-27 12:57:02,984 [main] [INFO ] org.eclipse.jetty.server.Server - Started @563ms
2019-03-27 13:01:04,270 [main] [INFO ] org.eclipse.jetty.util.log - Logging initialized @314ms to org.eclipse.jetty.util.log.Slf4jLog
2019-03-27 13:01:04,332 [main] [INFO ] org.eclipse.jetty.server.Server - jetty-9.4.15.v20190215; built: 2019-02-15T16:53:49.381Z; git: eb70b240169fcf1abbd86af36482d1c49826fa0b; jvm 11.0.2+9-LTS
2019-03-27 13:01:05,798 [main] [INFO ] org.eclipse.jetty.util.log - Logging initialized @307ms to org.eclipse.jetty.util.log.Slf4jLog
2019-03-27 13:01:05,853 [main] [INFO ] org.eclipse.jetty.server.Server - jetty-9.4.15.v20190215; built: 2019-02-15T16:53:49.381Z; git: eb70b240169fcf1abbd86af36482d1c49826fa0b; jvm 11.0.2+9-LTS
2019-03-27 13:01:05,882 [main] [INFO ] org.eclipse.jetty.server.session - DefaultSessionIdManager workerName=node0
2019-03-27 13:01:05,882 [main] [INFO ] org.eclipse.jetty.server.session - No SessionScavenger set, using defaults
2019-03-27 13:01:05,884 [main] [INFO ] org.eclipse.jetty.server.session - node0 Scavenging every 600000ms
2019-03-27 13:01:05,907 [main] [INFO ] o.e.jetty.server.handler.ContextHandler - Started o.e.j.s.ServletContextHandler@53045c6c{/,null,AVAILABLE}
2019-03-27 13:01:06,011 [main] [INFO ] o.eclipse.jetty.server.AbstractConnector - Started ServerConnector@6f01b95f{HTTP/1.1,[http/1.1]}{0.0.0.0:3000}
2019-03-27 13:01:06,011 [main] [INFO ] org.eclipse.jetty.server.Server - Started @524ms
2019-03-27 13:01:59,019 [main] [INFO ] org.eclipse.jetty.util.log - Logging initialized @307ms to org.eclipse.jetty.util.log.Slf4jLog
2019-03-27 13:01:59,078 [main] [INFO ] org.eclipse.jetty.server.Server - jetty-9.4.15.v20190215; built: 2019-02-15T16:53:49.381Z; git: eb70b240169fcf1abbd86af36482d1c49826fa0b; jvm 11.0.2+9-LTS
2019-03-27 13:01:59,107 [main] [INFO ] org.eclipse.jetty.server.session - DefaultSessionIdManager workerName=node0
2019-03-27 13:01:59,107 [main] [INFO ] org.eclipse.jetty.server.session - No SessionScavenger set, using defaults
2019-03-27 13:01:59,109 [main] [INFO ] org.eclipse.jetty.server.session - node0 Scavenging every 600000ms
2019-03-27 13:01:59,128 [main] [INFO ] o.e.jetty.server.handler.ContextHandler - Started o.e.j.s.ServletContextHandler@53045c6c{/,null,AVAILABLE}
2019-03-27 13:01:59,235 [main] [INFO ] o.eclipse.jetty.server.AbstractConnector - Started ServerConnector@6e44dc83{HTTP/1.1,[http/1.1]}{0.0.0.0:3000}
2019-03-27 13:01:59,236 [main] [INFO ] org.eclipse.jetty.server.Server - Started @527ms
2019-03-27 13:02:48,661 [main] [INFO ] org.eclipse.jetty.util.log - Logging initialized @311ms to org.eclipse.jetty.util.log.Slf4jLog
2019-03-27 13:02:48,718 [main] [INFO ] org.eclipse.jetty.server.Server - jetty-9.4.15.v20190215; built: 2019-02-15T16:53:49.381Z; git: eb70b240169fcf1abbd86af36482d1c49826fa0b; jvm 11.0.2+9-LTS
2019-03-27 13:02:48,745 [main] [INFO ] org.eclipse.jetty.server.session - DefaultSessionIdManager workerName=node0
2019-03-27 13:02:48,745 [main] [INFO ] org.eclipse.jetty.server.session - No SessionScavenger set, using defaults
2019-03-27 13:02:48,747 [main] [INFO ] org.eclipse.jetty.server.session - node0 Scavenging every 660000ms
2019-03-27 13:02:48,767 [main] [INFO ] o.e.jetty.server.handler.ContextHandler - Started o.e.j.s.ServletContextHandler@53045c6c{/,null,AVAILABLE}
2019-03-27 13:02:48,882 [main] [INFO ] o.eclipse.jetty.server.AbstractConnector - Started ServerConnector@6f01b95f{HTTP/1.1,[http/1.1]}{0.0.0.0:3000}
2019-03-27 13:02:48,883 [main] [INFO ] org.eclipse.jetty.server.Server - Started @536ms
2019-03-27 13:04:17,963 [main] [INFO ] org.eclipse.jetty.util.log - Logging initialized @320ms to org.eclipse.jetty.util.log.Slf4jLog
2019-03-27 13:04:18,023 [main] [INFO ] org.eclipse.jetty.server.Server - jetty-9.4.15.v20190215; built: 2019-02-15T16:53:49.381Z; git: eb70b240169fcf1abbd86af36482d1c49826fa0b; jvm 11.0.2+9-LTS
2019-03-27 13:04:18,052 [main] [INFO ] org.eclipse.jetty.server.session - DefaultSessionIdManager workerName=node0
2019-03-27 13:04:18,052 [main] [INFO ] org.eclipse.jetty.server.session - No SessionScavenger set, using defaults
2019-03-27 13:04:18,054 [main] [INFO ] org.eclipse.jetty.server.session - node0 Scavenging every 600000ms
2019-03-27 13:04:18,076 [main] [INFO ] o.e.jetty.server.handler.ContextHandler - Started o.e.j.s.ServletContextHandler@53045c6c{/,null,AVAILABLE}
2019-03-27 13:04:18,201 [main] [INFO ] o.eclipse.jetty.server.AbstractConnector - Started ServerConnector@6f01b95f{HTTP/1.1,[http/1.1]}{0.0.0.0:3000}
2019-03-27 13:04:18,201 [main] [INFO ] org.eclipse.jetty.server.Server - Started @562ms
2019-03-27 13:05:45,471 [main] [INFO ] org.eclipse.jetty.util.log - Logging initialized @312ms to org.eclipse.jetty.util.log.Slf4jLog
2019-03-27 13:05:45,532 [main] [INFO ] org.eclipse.jetty.server.Server - jetty-9.4.15.v20190215; built: 2019-02-15T16:53:49.381Z; git: eb70b240169fcf1abbd86af36482d1c49826fa0b; jvm 11.0.2+9-LTS
2019-03-27 13:05:45,561 [main] [INFO ] org.eclipse.jetty.server.session - DefaultSessionIdManager workerName=node0
2019-03-27 13:05:45,561 [main] [INFO ] org.eclipse.jetty.server.session - No SessionScavenger set, using defaults
2019-03-27 13:05:45,562 [main] [INFO ] org.eclipse.jetty.server.session - node0 Scavenging every 600000ms
2019-03-27 13:05:45,586 [main] [INFO ] o.e.jetty.server.handler.ContextHandler - Started o.e.j.s.ServletContextHandler@53045c6c{/,null,AVAILABLE}
2019-03-27 13:05:45,698 [main] [INFO ] o.eclipse.jetty.server.AbstractConnector - Started ServerConnector@6f01b95f{HTTP/1.1,[http/1.1]}{0.0.0.0:3000}
2019-03-27 13:05:45,698 [main] [INFO ] org.eclipse.jetty.server.Server - Started @543ms
2019-03-27 13:07:32,291 [main] [INFO ] org.eclipse.jetty.util.log - Logging initialized @346ms to org.eclipse.jetty.util.log.Slf4jLog
2019-03-27 13:07:32,349 [main] [INFO ] org.eclipse.jetty.server.Server - jetty-9.4.15.v20190215; built: 2019-02-15T16:53:49.381Z; git: eb70b240169fcf1abbd86af36482d1c49826fa0b; jvm 11.0.2+9-LTS
2019-03-27 13:07:32,377 [main] [INFO ] org.eclipse.jetty.server.session - DefaultSessionIdManager workerName=node0
2019-03-27 13:07:32,377 [main] [INFO ] org.eclipse.jetty.server.session - No SessionScavenger set, using defaults
2019-03-27 13:07:32,379 [main] [INFO ] org.eclipse.jetty.server.session - node0 Scavenging every 660000ms
2019-03-27 13:07:32,401 [main] [INFO ] o.e.jetty.server.handler.ContextHandler - Started o.e.j.s.ServletContextHandler@53045c6c{/,null,AVAILABLE}
2019-03-27 13:07:32,518 [main] [INFO ] o.eclipse.jetty.server.AbstractConnector - Started ServerConnector@6f01b95f{HTTP/1.1,[http/1.1]}{0.0.0.0:3000}
2019-03-27 13:07:32,518 [main] [INFO ] org.eclipse.jetty.server.Server - Started @578ms
2019-03-27 13:11:23,113 [main] [INFO ] org.eclipse.jetty.util.log - Logging initialized @316ms to org.eclipse.jetty.util.log.Slf4jLog
2019-03-27 13:11:23,169 [main] [INFO ] org.eclipse.jetty.server.Server - jetty-9.4.15.v20190215; built: 2019-02-15T16:53:49.381Z; git: eb70b240169fcf1abbd86af36482d1c49826fa0b; jvm 11.0.2+9-LTS
2019-03-27 13:11:23,196 [main] [INFO ] org.eclipse.jetty.server.session - DefaultSessionIdManager workerName=node0
2019-03-27 13:11:23,196 [main] [INFO ] org.eclipse.jetty.server.session - No SessionScavenger set, using defaults
2019-03-27 13:11:23,198 [main] [INFO ] org.eclipse.jetty.server.session - node0 Scavenging every 660000ms
2019-03-27 13:11:23,217 [main] [INFO ] o.e.jetty.server.handler.ContextHandler - Started o.e.j.s.ServletContextHandler@53045c6c{/,null,AVAILABLE}
2019-03-27 13:11:23,321 [main] [INFO ] o.eclipse.jetty.server.AbstractConnector - Started ServerConnector@6f01b95f{HTTP/1.1,[http/1.1]}{0.0.0.0:3000}
2019-03-27 13:11:23,321 [main] [INFO ] org.eclipse.jetty.server.Server - Started @527ms
2019-03-27 13:13:28,407 [main] [INFO ] org.eclipse.jetty.util.log - Logging initialized @318ms to org.eclipse.jetty.util.log.Slf4jLog
2019-03-27 13:13:28,463 [main] [INFO ] org.eclipse.jetty.server.Server - jetty-9.4.15.v20190215; built: 2019-02-15T16:53:49.381Z; git: eb70b240169fcf1abbd86af36482d1c49826fa0b; jvm 11.0.2+9-LTS
2019-03-27 13:13:28,490 [main] [INFO ] org.eclipse.jetty.server.session - DefaultSessionIdManager workerName=node0
2019-03-27 13:13:28,491 [main] [INFO ] org.eclipse.jetty.server.session - No SessionScavenger set, using defaults
2019-03-27 13:13:28,492 [main] [INFO ] org.eclipse.jetty.server.session - node0 Scavenging every 600000ms
2019-03-27 13:13:28,513 [main] [INFO ] o.e.jetty.server.handler.ContextHandler - Started o.e.j.s.ServletContextHandler@53045c6c{/,null,AVAILABLE}
2019-03-27 13:13:28,618 [main] [INFO ] o.eclipse.jetty.server.AbstractConnector - Started ServerConnector@6f01b95f{HTTP/1.1,[http/1.1]}{0.0.0.0:3000}
2019-03-27 13:13:28,619 [main] [INFO ] org.eclipse.jetty.server.Server - Started @534ms
2019-03-27 13:13:29,965 [main] [INFO ] org.eclipse.jetty.util.log - Logging initialized @324ms to org.eclipse.jetty.util.log.Slf4jLog
2019-03-27 13:13:30,025 [main] [INFO ] org.eclipse.jetty.server.Server - jetty-9.4.15.v20190215; built: 2019-02-15T16:53:49.381Z; git: eb70b240169fcf1abbd86af36482d1c49826fa0b; jvm 11.0.2+9-LTS
2019-03-27 13:13:30,056 [main] [INFO ] org.eclipse.jetty.server.session - DefaultSessionIdManager workerName=node0
2019-03-27 13:13:30,056 [main] [INFO ] org.eclipse.jetty.server.session - No SessionScavenger set, using defaults
2019-03-27 13:13:30,059 [main] [INFO ] org.eclipse.jetty.server.session - node0 Scavenging every 600000ms
2019-03-27 13:13:30,085 [main] [INFO ] o.e.jetty.server.handler.ContextHandler - Started o.e.j.s.ServletContextHandler@53045c6c{/,null,AVAILABLE}
2019-03-27 13:13:30,191 [main] [INFO ] o.eclipse.jetty.server.AbstractConnector - Started ServerConnector@6f01b95f{HTTP/1.1,[http/1.1]}{0.0.0.0:3000}
2019-03-27 13:13:30,191 [main] [INFO ] org.eclipse.jetty.server.Server - Started @554ms
2019-03-27 13:15:34,468 [main] [INFO ] org.eclipse.jetty.util.log - Logging initialized @307ms to org.eclipse.jetty.util.log.Slf4jLog
2019-03-27 13:15:34,526 [main] [INFO ] org.eclipse.jetty.server.Server - jetty-9.4.15.v20190215; built: 2019-02-15T16:53:49.381Z; git: eb70b240169fcf1abbd86af36482d1c49826fa0b; jvm 11.0.2+9-LTS
2019-03-27 13:15:34,553 [main] [INFO ] org.eclipse.jetty.server.session - DefaultSessionIdManager workerName=node0
2019-03-27 13:15:34,553 [main] [INFO ] org.eclipse.jetty.server.session - No SessionScavenger set, using defaults
2019-03-27 13:15:34,555 [main] [INFO ] org.eclipse.jetty.server.session - node0 Scavenging every 600000ms
2019-03-27 13:15:34,575 [main] [INFO ] o.e.jetty.server.handler.ContextHandler - Started o.e.j.s.ServletContextHandler@53045c6c{/,null,AVAILABLE}
2019-03-27 13:15:34,688 [main] [INFO ] o.eclipse.jetty.server.AbstractConnector - Started ServerConnector@6f01b95f{HTTP/1.1,[http/1.1]}{0.0.0.0:3000}
2019-03-27 13:15:34,688 [main] [INFO ] org.eclipse.jetty.server.Server - Started @529ms
2019-03-27 13:16:13,453 [main] [INFO ] org.eclipse.jetty.util.log - Logging initialized @318ms to org.eclipse.jetty.util.log.Slf4jLog
2019-03-27 13:16:13,516 [main] [INFO ] org.eclipse.jetty.server.Server - jetty-9.4.15.v20190215; built: 2019-02-15T16:53:49.381Z; git: eb70b240169fcf1abbd86af36482d1c49826fa0b; jvm 11.0.2+9-LTS
2019-03-27 13:16:13,544 [main] [INFO ] org.eclipse.jetty.server.session - DefaultSessionIdManager workerName=node0
2019-03-27 13:16:13,544 [main] [INFO ] org.eclipse.jetty.server.session - No SessionScavenger set, using defaults
2019-03-27 13:16:13,546 [main] [INFO ] org.eclipse.jetty.server.session - node0 Scavenging every 600000ms
2019-03-27 13:16:13,566 [main] [INFO ] o.e.jetty.server.handler.ContextHandler - Started o.e.j.s.ServletContextHandler@53045c6c{/,null,AVAILABLE}
2019-03-27 13:16:13,672 [main] [INFO ] o.eclipse.jetty.server.AbstractConnector - Started ServerConnector@6f01b95f{HTTP/1.1,[http/1.1]}{0.0.0.0:3000}
2019-03-27 13:16:13,672 [main] [INFO ] org.eclipse.jetty.server.Server - Started @542ms
2019-03-27 13:18:56,084 [main] [INFO ] org.eclipse.jetty.util.log - Logging initialized @320ms to org.eclipse.jetty.util.log.Slf4jLog
2019-03-27 13:18:56,143 [main] [INFO ] org.eclipse.jetty.server.Server - jetty-9.4.15.v20190215; built: 2019-02-15T16:53:49.381Z; git: eb70b240169fcf1abbd86af36482d1c49826fa0b; jvm 11.0.2+9-LTS
2019-03-27 13:18:56,173 [main] [INFO ] org.eclipse.jetty.server.session - DefaultSessionIdManager workerName=node0
2019-03-27 13:18:56,174 [main] [INFO ] org.eclipse.jetty.server.session - No SessionScavenger set, using defaults
2019-03-27 13:18:56,175 [main] [INFO ] org.eclipse.jetty.server.session - node0 Scavenging every 660000ms
2019-03-27 13:18:56,196 [main] [INFO ] o.e.jetty.server.handler.ContextHandler - Started o.e.j.s.ServletContextHandler@53045c6c{/,null,AVAILABLE}
2019-03-27 13:18:56,305 [main] [INFO ] o.eclipse.jetty.server.AbstractConnector - Started ServerConnector@145564dc{HTTP/1.1,[http/1.1]}{0.0.0.0:3000}
2019-03-27 13:18:56,305 [main] [INFO ] org.eclipse.jetty.server.Server - Started @545ms
2019-03-27 13:19:44,808 [main] [INFO ] org.eclipse.jetty.util.log - Logging initialized @330ms to org.eclipse.jetty.util.log.Slf4jLog
2019-03-27 13:19:44,868 [main] [INFO ] org.eclipse.jetty.server.Server - jetty-9.4.15.v20190215; built: 2019-02-15T16:53:49.381Z; git: eb70b240169fcf1abbd86af36482d1c49826fa0b; jvm 11.0.2+9-LTS
2019-03-27 13:19:44,899 [main] [INFO ] org.eclipse.jetty.server.session - DefaultSessionIdManager workerName=node0
2019-03-27 13:19:44,899 [main] [INFO ] org.eclipse.jetty.server.session - No SessionScavenger set, using defaults
2019-03-27 13:19:44,901 [main] [INFO ] org.eclipse.jetty.server.session - node0 Scavenging every 660000ms
2019-03-27 13:19:44,922 [main] [INFO ] o.e.jetty.server.handler.ContextHandler - Started o.e.j.s.ServletContextHandler@53045c6c{/,null,AVAILABLE}
2019-03-27 13:19:45,033 [main] [INFO ] o.eclipse.jetty.server.AbstractConnector - Started ServerConnector@6f01b95f{HTTP/1.1,[http/1.1]}{0.0.0.0:3000}
2019-03-27 13:19:45,033 [main] [INFO ] org.eclipse.jetty.server.Server - Started @558ms
